Using pre-set license
Built from '2021.3/staging' branch; Version is '2021.3.21f1 (1b156197d683) revision 1774945'; Using compiler version '192829333'; Build Type 'Release'
OS: 'Windows 11  (10.0.22631) 64bit Core' Language: 'en' Physical Memory: 16024 MB
BatchMode: 1, IsHumanControllingUs: 0, StartBugReporterOnCrash: 0, Is64bit: 1, IsPro: 1

COMMAND LINE ARGUMENTS:
C:\Program Files\Unity\Hub\Editor\2021.3.21f1\Editor\Unity.exe
-adb2
-batchMode
-noUpm
-name
AssetImportWorker0
-projectPath
C:/Work Space/Unity/EcoCity Builder
-logFile
Logs/AssetImportWorker0.log
-srvPort
52598
Successfully changed project path to: C:/Work Space/Unity/EcoCity Builder
C:/Work Space/Unity/EcoCity Builder
[UnityMemory] Configuration Parameters - Can be set up in boot.config
    "memorysetup-bucket-allocator-granularity=16"
    "memorysetup-bucket-allocator-bucket-count=8"
    "memorysetup-bucket-allocator-block-size=33554432"
    "memorysetup-bucket-allocator-block-count=8"
    "memorysetup-main-allocator-block-size=16777216"
    "memorysetup-thread-allocator-block-size=16777216"
    "memorysetup-gfx-main-allocator-block-size=16777216"
    "memorysetup-gfx-thread-allocator-block-size=16777216"
    "memorysetup-cache-allocator-block-size=4194304"
    "memorysetup-typetree-allocator-block-size=2097152"
    "memorysetup-profiler-bucket-allocator-granularity=16"
    "memorysetup-profiler-bucket-allocator-bucket-count=8"
    "memorysetup-profiler-bucket-allocator-block-size=33554432"
    "memorysetup-profiler-bucket-allocator-block-count=8"
    "memorysetup-profiler-allocator-block-size=16777216"
    "memorysetup-profiler-editor-allocator-block-size=1048576"
    "memorysetup-temp-allocator-size-main=16777216"
    "memorysetup-job-temp-allocator-block-size=2097152"
    "memorysetup-job-temp-allocator-block-size-background=1048576"
    "memorysetup-job-temp-allocator-reduction-small-platforms=262144"
    "memorysetup-temp-allocator-size-background-worker=32768"
    "memorysetup-temp-allocator-size-job-worker=262144"
    "memorysetup-temp-allocator-size-preload-manager=33554432"
    "memorysetup-temp-allocator-size-nav-mesh-worker=65536"
    "memorysetup-temp-allocator-size-audio-worker=65536"
    "memorysetup-temp-allocator-size-cloud-worker=32768"
    "memorysetup-temp-allocator-size-gi-baking-worker=262144"
    "memorysetup-temp-allocator-size-gfx=262144"
Player connection [2128] Host "[IP] 192.168.1.103 [Port] 0 [Flags] 2 [Guid] 1745853865 [EditorId] 1745853865 [Version] 1048832 [Id] WindowsEditor(7,LAPTOP-V9B5F0CE) [Debug] 1 [PackageName] WindowsEditor [ProjectName] Editor" joined multi-casting on [225.0.0.222:54997]...

Player connection [2128] Host "[IP] 192.168.1.103 [Port] 0 [Flags] 2 [Guid] 1745853865 [EditorId] 1745853865 [Version] 1048832 [Id] WindowsEditor(7,LAPTOP-V9B5F0CE) [Debug] 1 [PackageName] WindowsEditor [ProjectName] Editor" joined alternative multi-casting on [225.0.0.222:34997]...

Refreshing native plugins compatible for Editor in 110.48 ms, found 4 plugins.
Preloading 0 native plugins for Editor in 0.00 ms.
Initialize engine version: 2021.3.21f1 (1b156197d683)
[Subsystems] Discovering subsystems at path C:/Program Files/Unity/Hub/Editor/2021.3.21f1/Editor/Data/Resources/UnitySubsystems
[Subsystems] Discovering subsystems at path C:/Work Space/Unity/EcoCity Builder/Assets
GfxDevice: creating device client; threaded=0; jobified=0
Direct3D:
    Version:  Direct3D 11.0 [level 11.1]
    Renderer: NVIDIA GeForce RTX 3050 6GB Laptop GPU (ID=0x25ac)
    Vendor:   NVIDIA
    VRAM:     6002 MB
    Driver:   32.0.15.5613
Initialize mono
Mono path[0] = 'C:/Program Files/Unity/Hub/Editor/2021.3.21f1/Editor/Data/Managed'
Mono path[1] = 'C:/Program Files/Unity/Hub/Editor/2021.3.21f1/Editor/Data/MonoBleedingEdge/lib/mono/unityjit-win32'
Mono config path = 'C:/Program Files/Unity/Hub/Editor/2021.3.21f1/Editor/Data/MonoBleedingEdge/etc'
Using monoOptions --debugger-agent=transport=dt_socket,embedding=1,server=y,suspend=n,address=127.0.0.1:56052
Begin MonoManager ReloadAssembly
Registering precompiled unity dll's ...
Register platform support module: C:/Program Files/Unity/Hub/Editor/2021.3.21f1/Editor/Data/PlaybackEngines/AndroidPlayer/UnityEditor.Android.Extensions.dll
Register platform support module: C:/Program Files/Unity/Hub/Editor/2021.3.21f1/Editor/Data/PlaybackEngines/WindowsStandaloneSupport/UnityEditor.WindowsStandalone.Extensions.dll
Registered in 0.002973 seconds.
Native extension for WindowsStandalone target not found
Native extension for Android target not found
Android Extension - Scanning For ADB Devices 286 ms
Refreshing native plugins compatible for Editor in 102.60 ms, found 4 plugins.
Preloading 0 native plugins for Editor in 0.00 ms.
Mono: successfully reloaded assembly
- Completed reload, in  0.884 seconds
Domain Reload Profiling:
	ReloadAssembly (885ms)
		BeginReloadAssembly (111ms)
			ExecutionOrderSort (0ms)
			DisableScriptedObjects (0ms)
			BackupInstance (0ms)
			ReleaseScriptingObjects (0ms)
			CreateAndSetChildDomain (1ms)
		EndReloadAssembly (706ms)
			LoadAssemblies (110ms)
			RebuildTransferFunctionScriptingTraits (0ms)
			SetupTypeCache (83ms)
			ReleaseScriptCaches (0ms)
			RebuildScriptCaches (23ms)
			SetupLoadedEditorAssemblies (555ms)
				LogAssemblyErrors (0ms)
				InitializePlatformSupportModulesInManaged (342ms)
				SetLoadedEditorAssemblies (0ms)
				RefreshPlugins (103ms)
				BeforeProcessingInitializeOnLoad (1ms)
				ProcessInitializeOnLoadAttributes (68ms)
				ProcessInitializeOnLoadMethodAttributes (40ms)
				AfterProcessingInitializeOnLoad (0ms)
				EditorAssembliesLoaded (0ms)
			ExecutionOrderSort2 (0ms)
			AwakeInstancesAfterBackupRestoration (0ms)
Platform modules already initialized, skipping
Registering precompiled user dll's ...
Registered in 0.004945 seconds.
Begin MonoManager ReloadAssembly
Symbol file LoadedFromMemory doesn't match image C:\Work Space\Unity\EcoCity Builder\Library\PackageCache\com.unity.visualscripting@1.8.0\Editor\VisualScripting.Core\Dependencies\DotNetZip\Unity.VisualScripting.IonicZip.dll
Symbol file LoadedFromMemory doesn't match image C:\Work Space\Unity\EcoCity Builder\Library\PackageCache\com.unity.visualscripting@1.8.0\Editor\VisualScripting.Core\Dependencies\YamlDotNet\Unity.VisualScripting.YamlDotNet.dll
Native extension for WindowsStandalone target not found
Native extension for Android target not found
Refreshing native plugins compatible for Editor in 102.35 ms, found 4 plugins.
Preloading 0 native plugins for Editor in 0.00 ms.
Mono: successfully reloaded assembly
- Completed reload, in  1.386 seconds
Domain Reload Profiling:
	ReloadAssembly (1386ms)
		BeginReloadAssembly (116ms)
			ExecutionOrderSort (0ms)
			DisableScriptedObjects (4ms)
			BackupInstance (0ms)
			ReleaseScriptingObjects (0ms)
			CreateAndSetChildDomain (16ms)
		EndReloadAssembly (1181ms)
			LoadAssemblies (106ms)
			RebuildTransferFunctionScriptingTraits (0ms)
			SetupTypeCache (228ms)
			ReleaseScriptCaches (1ms)
			RebuildScriptCaches (52ms)
			SetupLoadedEditorAssemblies (776ms)
				LogAssemblyErrors (0ms)
				InitializePlatformSupportModulesInManaged (12ms)
				SetLoadedEditorAssemblies (0ms)
				RefreshPlugins (102ms)
				BeforeProcessingInitializeOnLoad (94ms)
				ProcessInitializeOnLoadAttributes (319ms)
				ProcessInitializeOnLoadMethodAttributes (244ms)
				AfterProcessingInitializeOnLoad (5ms)
				EditorAssembliesLoaded (0ms)
			ExecutionOrderSort2 (0ms)
			AwakeInstancesAfterBackupRestoration (5ms)
Platform modules already initialized, skipping
========================================================================
Worker process is ready to serve import requests
Launched and connected shader compiler UnityShaderCompiler.exe after 0.08 seconds
Refreshing native plugins compatible for Editor in 1.55 ms, found 4 plugins.
Preloading 0 native plugins for Editor in 0.00 ms.
Unloading 6062 Unused Serialized files (Serialized files now loaded: 0)
Unloading 72 unused Assets / (0.7 MB). Loaded Objects now: 6488.
Memory consumption went from 228.3 MB to 227.6 MB.
Total: 14.017600 ms (FindLiveObjects: 0.838800 ms CreateObjectMapping: 0.550800 ms MarkObjects: 11.975700 ms  DeleteObjects: 0.649800 ms)

AssetImportParameters requested are different than current active one (requested -> active):
  custom:video-decoder-ogg-theora: a1e56fd34408186e4bbccfd4996cb3dc -> 
  custom:container-muxer-webm: aa71ff27fc2769a1b78a27578f13a17b -> 
  custom:container-demuxer-webm: 4f35f7cbe854078d1ac9338744f61a02 -> 
  custom:video-encoder-webm-vp8: eb34c28f22e8b96e1ab97ce403110664 -> 
  custom:video-codec-MediaFoundation-h265: 746d11721c4dcdbdad8f713fa42b33f4 -> 
  custom:audio-encoder-webm-vorbis: bf7c407c2cedff20999df2af8eb42d56 -> 
  custom:framework-win-MediaFoundation: 216162199b28c13a410421893ffa2e32 -> 
  custom:container-demuxer-ogg: 62fdf1f143b41e24485cea50d1cbac27 -> 
  custom:video-decoder-webm-vp8: 9c59270c3fd7afecdb556c50c9e8de78 -> 
  custom:audio-decoder-ogg-vorbis: bf7c407c2cedff20999df2af8eb42d56 -> 
========================================================================
Received Import Request.
  Time since last request: 29196.417843 seconds.
  path: Assets/Settings
  artifactKey: Guid(0220aab0833d04faeb927d84ca6cc40c) Importer(815301076,1909f56bfc062723c751e8b465ee728b)
Start importing Assets/Settings using Guid(0220aab0833d04faeb927d84ca6cc40c) Importer(815301076,1909f56bfc062723c751e8b465ee728b)  -> (artifact id: 'd681da83228de6eb57118ec3dd4db8fe') in 0.031918 seconds 
========================================================================
Received Import Request.
  Time since last request: 0.991653 seconds.
  path: Assets/Scenes
  artifactKey: Guid(109e9bdd0fcc649c5bc59085c35bdc83) Importer(815301076,1909f56bfc062723c751e8b465ee728b)
Start importing Assets/Scenes using Guid(109e9bdd0fcc649c5bc59085c35bdc83) Importer(815301076,1909f56bfc062723c751e8b465ee728b)  -> (artifact id: '0ef13bb1dfc9a810dcac12450e6ab388') in 0.018570 seconds 
========================================================================
Received Import Request.
  Time since last request: 2.436854 seconds.
  path: Assets/Resources
  artifactKey: Guid(c72a22f35ce1f7441a87059f8798880b) Importer(815301076,1909f56bfc062723c751e8b465ee728b)
Start importing Assets/Resources using Guid(c72a22f35ce1f7441a87059f8798880b) Importer(815301076,1909f56bfc062723c751e8b465ee728b)  -> (artifact id: '1487f0403ea308622cefe5616fd440e0') in 0.016044 seconds 
========================================================================
Received Import Request.
  Time since last request: 12.306872 seconds.
  path: Assets/Scenes/SampleScene.unity
  artifactKey: Guid(8c9cfa26abfee488c85f1582747f6a02) Importer(815301076,1909f56bfc062723c751e8b465ee728b)
Start importing Assets/Scenes/SampleScene.unity using Guid(8c9cfa26abfee488c85f1582747f6a02) Importer(815301076,1909f56bfc062723c751e8b465ee728b)  -> (artifact id: 'aa03306ee556725ee1b91afa648f63ad') in 0.019370 seconds 
========================================================================
Received Import Request.
  Time since last request: 10.083349 seconds.
  path: Assets/Scenes/Base Scene.unity
  artifactKey: Guid(8c9cfa26abfee488c85f1582747f6a02) Importer(815301076,1909f56bfc062723c751e8b465ee728b)
Start importing Assets/Scenes/Base Scene.unity using Guid(8c9cfa26abfee488c85f1582747f6a02) Importer(815301076,1909f56bfc062723c751e8b465ee728b)  -> (artifact id: '4bfe5118af1c2cde343e5f723be7841c') in 0.020043 seconds 
========================================================================
Received Import Request.
  Time since last request: 21.314566 seconds.
  path: Assets/Settings/Lit2DSceneTemplate.scenetemplate
  artifactKey: Guid(d03ed43fc9d8a4f2e9fa70c1c7916eb9) Importer(815301076,1909f56bfc062723c751e8b465ee728b)
Start importing Assets/Settings/Lit2DSceneTemplate.scenetemplate using Guid(d03ed43fc9d8a4f2e9fa70c1c7916eb9) Importer(815301076,1909f56bfc062723c751e8b465ee728b)  -> (artifact id: '9ca8933c12b6098a5df52859f6839372') in 0.358793 seconds 
========================================================================
Received Import Request.
  Time since last request: 8.936706 seconds.
  path: Assets/Resources/Sprites
  artifactKey: Guid(26edaf4f8ac1aa0479e93d6b058e081f) Importer(815301076,1909f56bfc062723c751e8b465ee728b)
Start importing Assets/Resources/Sprites using Guid(26edaf4f8ac1aa0479e93d6b058e081f) Importer(815301076,1909f56bfc062723c751e8b465ee728b)  -> (artifact id: '47e4e35aae530ccd47dfd733a640f7ee') in 0.017253 seconds 
========================================================================
Received Import Request.
  Time since last request: 13.437168 seconds.
  path: Assets/Resources/Sprites/Menu-01-01-01.jpg
  artifactKey: Guid(3164cba117cbf3b40a1c9eddc8543799) Importer(815301076,1909f56bfc062723c751e8b465ee728b)
Start importing Assets/Resources/Sprites/Menu-01-01-01.jpg using Guid(3164cba117cbf3b40a1c9eddc8543799) Importer(815301076,1909f56bfc062723c751e8b465ee728b)  -> (artifact id: '1e4c593fd9c21b43fdcdffb638d100d6') in 0.144608 seconds 
========================================================================
Received Import Request.
  Time since last request: 0.000032 seconds.
  path: Assets/Resources/Sprites/World 1.jpg
  artifactKey: Guid(0caa7d3b5fa6a5840825320864620214) Importer(815301076,1909f56bfc062723c751e8b465ee728b)
Start importing Assets/Resources/Sprites/World 1.jpg using Guid(0caa7d3b5fa6a5840825320864620214) Importer(815301076,1909f56bfc062723c751e8b465ee728b)  -> (artifact id: '2bb60cdaab4fd4a6b80b790a14e73d9f') in 0.084635 seconds 
========================================================================
Received Import Request.
  Time since last request: 0.000038 seconds.
  path: Assets/Resources/Sprites/World 2.jpg
  artifactKey: Guid(f372768214787a4458d85f37d1d0a44c) Importer(815301076,1909f56bfc062723c751e8b465ee728b)
Start importing Assets/Resources/Sprites/World 2.jpg using Guid(f372768214787a4458d85f37d1d0a44c) Importer(815301076,1909f56bfc062723c751e8b465ee728b)  -> (artifact id: 'd9fcc282c03803376df73079dd49b1b4') in 0.098811 seconds 
========================================================================
Received Import Request.
  Time since last request: 12.619885 seconds.
  path: Assets/Resources/Icons
  artifactKey: Guid(2d5c2ef4c17a5a847a106070fde07083) Importer(815301076,1909f56bfc062723c751e8b465ee728b)
Start importing Assets/Resources/Icons using Guid(2d5c2ef4c17a5a847a106070fde07083) Importer(815301076,1909f56bfc062723c751e8b465ee728b)  -> (artifact id: '1b1c67be924d66cd71a27491cc3026ad') in 0.015921 seconds 
========================================================================
Received Import Request.
  Time since last request: 18.854511 seconds.
  path: Assets/Resources/Icons/air.png
  artifactKey: Guid(0a06c2cab9da7ae4b8a32492b6532821) Importer(815301076,1909f56bfc062723c751e8b465ee728b)
Start importing Assets/Resources/Icons/air.png using Guid(0a06c2cab9da7ae4b8a32492b6532821) Importer(815301076,1909f56bfc062723c751e8b465ee728b)  -> (artifact id: 'c161340488bd5a91c0189c922895d386') in 0.076420 seconds 
========================================================================
Received Import Request.
  Time since last request: 0.000091 seconds.
  path: Assets/Resources/Icons/temparature.png
  artifactKey: Guid(3adf0f4427ed01344b21224dc6d5b26e) Importer(815301076,1909f56bfc062723c751e8b465ee728b)
Start importing Assets/Resources/Icons/temparature.png using Guid(3adf0f4427ed01344b21224dc6d5b26e) Importer(815301076,1909f56bfc062723c751e8b465ee728b)  -> (artifact id: 'dce4aef3aa25f74da036f43cdb67d519') in 0.052535 seconds 
========================================================================
Received Import Request.
  Time since last request: 0.000058 seconds.
  path: Assets/Resources/Icons/water.png
  artifactKey: Guid(b36fbc906581f644e99a0cdbcb700cac) Importer(815301076,1909f56bfc062723c751e8b465ee728b)
Start importing Assets/Resources/Icons/water.png using Guid(b36fbc906581f644e99a0cdbcb700cac) Importer(815301076,1909f56bfc062723c751e8b465ee728b)  -> (artifact id: 'c17c31515ddd7a7c682f29dda17de8f1') in 0.039998 seconds 
========================================================================
Received Import Request.
  Time since last request: 0.000070 seconds.
  path: Assets/Resources/Icons/home (2).png
  artifactKey: Guid(431a2d41eb9940b43a54f06c9f327064) Importer(815301076,1909f56bfc062723c751e8b465ee728b)
Start importing Assets/Resources/Icons/home (2).png using Guid(431a2d41eb9940b43a54f06c9f327064) Importer(815301076,1909f56bfc062723c751e8b465ee728b)  -> (artifact id: '3bab4e0cc3df3ba7fbb9425208df28ce') in 0.037908 seconds 
========================================================================
Received Import Request.
  Time since last request: 0.000048 seconds.
  path: Assets/Resources/Icons/o (1).png
  artifactKey: Guid(9b29d49de988ff1449b37df59e42cf1d) Importer(815301076,1909f56bfc062723c751e8b465ee728b)
Start importing Assets/Resources/Icons/o (1).png using Guid(9b29d49de988ff1449b37df59e42cf1d) Importer(815301076,1909f56bfc062723c751e8b465ee728b)  -> (artifact id: '633f54a42d51771b39bead31b1935d2c') in 0.035147 seconds 
========================================================================
Received Import Request.
  Time since last request: 0.000043 seconds.
  path: Assets/Resources/Icons/home.png
  artifactKey: Guid(5c19cb7423d51584e9518bfa64b82da2) Importer(815301076,1909f56bfc062723c751e8b465ee728b)
Start importing Assets/Resources/Icons/home.png using Guid(5c19cb7423d51584e9518bfa64b82da2) Importer(815301076,1909f56bfc062723c751e8b465ee728b)  -> (artifact id: '7ed99e13b26d8c0bbbd5814e41fac760') in 0.036722 seconds 
========================================================================
Received Import Request.
  Time since last request: 0.000056 seconds.
  path: Assets/Resources/Icons/recycle-bin.png
  artifactKey: Guid(54bc15e42b8b3b0409bb2eff47fef920) Importer(815301076,1909f56bfc062723c751e8b465ee728b)
Start importing Assets/Resources/Icons/recycle-bin.png using Guid(54bc15e42b8b3b0409bb2eff47fef920) Importer(815301076,1909f56bfc062723c751e8b465ee728b)  -> (artifact id: '135cab76a63fe2d3fd7104ef6d73cac2') in 0.030199 seconds 
========================================================================
Received Import Request.
  Time since last request: 0.000051 seconds.
  path: Assets/Resources/Icons/snail.png
  artifactKey: Guid(4d4f7a92b26fbbb44a7ba012a27014a7) Importer(815301076,1909f56bfc062723c751e8b465ee728b)
Start importing Assets/Resources/Icons/snail.png using Guid(4d4f7a92b26fbbb44a7ba012a27014a7) Importer(815301076,1909f56bfc062723c751e8b465ee728b)  -> (artifact id: '9615ca7eccc959662e9a5bf364448724') in 0.031553 seconds 
========================================================================
Received Import Request.
  Time since last request: 14.809212 seconds.
  path: Assets/Resources/Sprites/PS.jpg
  artifactKey: Guid(9c1f0d3623c367946b25de43a8b1d4a0) Importer(815301076,1909f56bfc062723c751e8b465ee728b)
Start importing Assets/Resources/Sprites/PS.jpg using Guid(9c1f0d3623c367946b25de43a8b1d4a0) Importer(815301076,1909f56bfc062723c751e8b465ee728b)  -> (artifact id: '1a0084e6354072295973c82a94777ac9') in 0.537628 seconds 
========================================================================
Received Import Request.
  Time since last request: 266.109963 seconds.
  path: Assets/TextMesh Pro/Resources/Fonts & Materials/LiberationSans SDF - Fallback.asset
  artifactKey: Guid(2e498d1c8094910479dc3e1b768306a4) Importer(815301076,1909f56bfc062723c751e8b465ee728b)
Start importing Assets/TextMesh Pro/Resources/Fonts & Materials/LiberationSans SDF - Fallback.asset using Guid(2e498d1c8094910479dc3e1b768306a4) Importer(815301076,1909f56bfc062723c751e8b465ee728b)  -> (artifact id: 'ad99795c287eaf12c966756d401fe4d8') in 0.234304 seconds 
========================================================================
Received Import Request.
  Time since last request: 53.059942 seconds.
  path: Assets/TextMesh Pro/Resources/Fonts & Materials/LiberationSans SDF - Outline.mat
  artifactKey: Guid(79459efec17a4d00a321bdcc27bbc385) Importer(815301076,1909f56bfc062723c751e8b465ee728b)
Start importing Assets/TextMesh Pro/Resources/Fonts & Materials/LiberationSans SDF - Outline.mat using Guid(79459efec17a4d00a321bdcc27bbc385) Importer(815301076,1909f56bfc062723c751e8b465ee728b)  -> (artifact id: '4bc2c76672650e860d414d9429455001') in 0.087581 seconds 
